Timing Analyzer report for moduldac_wrap
Sun May 30 13:50:16 2021
Quartus Prime Version 18.1.0 Build 625 09/12/2018 SJ Lite Edition


---------------------
; Table of Contents ;
---------------------
  1. Legal Notice
  2. Timing Analyzer Summary
  3. Parallel Compilation
  4. SDC File List
  5. Clocks
  6. Slow 1200mV 100C Model Fmax Summary
  7. Slow 1200mV 100C Model Setup Summary
  8. Slow 1200mV 100C Model Hold Summary
  9. Slow 1200mV 100C Model Recovery Summary
 10. Slow 1200mV 100C Model Removal Summary
 11. Slow 1200mV 100C Model Minimum Pulse Width Summary
 12. Slow 1200mV 100C Model Metastability Summary
 13. Slow 1200mV -40C Model Fmax Summary
 14. Slow 1200mV -40C Model Setup Summary
 15. Slow 1200mV -40C Model Hold Summary
 16. Slow 1200mV -40C Model Recovery Summary
 17. Slow 1200mV -40C Model Removal Summary
 18. Slow 1200mV -40C Model Minimum Pulse Width Summary
 19. Slow 1200mV -40C Model Metastability Summary
 20. Fast 1200mV -40C Model Setup Summary
 21. Fast 1200mV -40C Model Hold Summary
 22. Fast 1200mV -40C Model Recovery Summary
 23. Fast 1200mV -40C Model Removal Summary
 24. Fast 1200mV -40C Model Minimum Pulse Width Summary
 25. Fast 1200mV -40C Model Metastability Summary
 26. Multicorner Timing Analysis Summary
 27. Board Trace Model Assignments
 28. Input Transition Times
 29. Signal Integrity Metrics (Slow 1200mv n40c Model)
 30. Signal Integrity Metrics (Slow 1200mv 100c Model)
 31. Signal Integrity Metrics (Fast 1200mv n40c Model)
 32. Setup Transfers
 33. Hold Transfers
 34. Report TCCS
 35. Report RSKM
 36. Unconstrained Paths Summary
 37. Clock Status Summary
 38. Unconstrained Output Ports
 39. Unconstrained Output Ports
 40. Timing Analyzer Messages



----------------
; Legal Notice ;
----------------
Copyright (C) 2018  Intel Corporation. All rights reserved.
Your use of Intel Corporation's design tools, logic functions 
and other software and tools, and its AMPP partner logic 
functions, and any output files from any of the foregoing 
(including device programming or simulation files), and any 
associated documentation or information are expressly subject 
to the terms and conditions of the Intel Program License 
Subscription Agreement, the Intel Quartus Prime License Agreement,
the Intel FPGA IP License Agreement, or other applicable license
agreement, including, without limitation, that your use is for
the sole purpose of programming logic devices manufactured by
Intel and sold by Intel or its authorized distributors.  Please
refer to the applicable agreement for further details.



+-----------------------------------------------------------------------------+
; Timing Analyzer Summary                                                     ;
+-----------------------+-----------------------------------------------------+
; Quartus Prime Version ; Version 18.1.0 Build 625 09/12/2018 SJ Lite Edition ;
; Timing Analyzer       ; Legacy Timing Analyzer                              ;
; Revision Name         ; moduldac_wrap                                       ;
; Device Family         ; MAX 10                                              ;
; Device Name           ; 10M08SAE144I7G                                      ;
; Timing Models         ; Final                                               ;
; Delay Model           ; Combined                                            ;
; Rise/Fall Delays      ; Enabled                                             ;
+-----------------------+-----------------------------------------------------+


+------------------------------------------+
; Parallel Compilation                     ;
+----------------------------+-------------+
; Processors                 ; Number      ;
+----------------------------+-------------+
; Number detected on machine ; 4           ;
; Maximum allowed            ; 2           ;
;                            ;             ;
; Average used               ; 1.10        ;
; Maximum used               ; 2           ;
;                            ;             ;
; Usage by Processor         ; % Time Used ;
;     Processor 1            ; 100.0%      ;
;     Processor 2            ;  10.1%      ;
+----------------------------+-------------+


+---------------------------------------------------+
; SDC File List                                     ;
+---------------+--------+--------------------------+
; SDC File Path ; Status ; Read at                  ;
+---------------+--------+--------------------------+
; moduldac.sdc  ; OK     ; Sun May 30 13:50:14 2021 ;
+---------------+--------+--------------------------+


+----------------------------------------------------------------------------------------------------------------------------------------------------------------------------------+
; Clocks                                                                                                                                                                           ;
+------------+------+--------+-----------+-------+-------+------------+-----------+-------------+-------+--------+-----------+------------+----------+--------+--------+-----------+
; Clock Name ; Type ; Period ; Frequency ; Rise  ; Fall  ; Duty Cycle ; Divide by ; Multiply by ; Phase ; Offset ; Edge List ; Edge Shift ; Inverted ; Master ; Source ; Targets   ;
+------------+------+--------+-----------+-------+-------+------------+-----------+-------------+-------+--------+-----------+------------+----------+--------+--------+-----------+
; i_clk      ; Base ; 10.000 ; 100.0 MHz ; 0.000 ; 5.000 ;            ;           ;             ;       ;        ;           ;            ;          ;        ;        ; { i_clk } ;
+------------+------+--------+-----------+-------+-------+------------+-----------+-------------+-------+--------+-----------+------------+----------+--------+--------+-----------+


+--------------------------------------------------+
; Slow 1200mV 100C Model Fmax Summary              ;
+------------+-----------------+------------+------+
; Fmax       ; Restricted Fmax ; Clock Name ; Note ;
+------------+-----------------+------------+------+
; 128.85 MHz ; 128.85 MHz      ; i_clk      ;      ;
+------------+-----------------+------------+------+
This panel reports FMAX for every clock in the design, regardless of the user-specified clock periods.  FMAX is only computed for paths where the source and destination registers or ports are driven by the same clock.  Paths of different clocks, including generated clocks, are ignored.  For paths between a clock and its inversion, FMAX is computed as if the rising and falling edges are scaled along with FMAX, such that the duty cycle (in terms of a percentage) is maintained. Altera recommends that you always use clock constraints and other slack reports for sign-off analysis.


+--------------------------------------+
; Slow 1200mV 100C Model Setup Summary ;
+-------+-------+----------------------+
; Clock ; Slack ; End Point TNS        ;
+-------+-------+----------------------+
; i_clk ; 2.239 ; 0.000                ;
+-------+-------+----------------------+


+-------------------------------------+
; Slow 1200mV 100C Model Hold Summary ;
+-------+-------+---------------------+
; Clock ; Slack ; End Point TNS       ;
+-------+-------+---------------------+
; i_clk ; 0.346 ; 0.000               ;
+-------+-------+---------------------+


-------------------------------------------
; Slow 1200mV 100C Model Recovery Summary ;
-------------------------------------------
No paths to report.


------------------------------------------
; Slow 1200mV 100C Model Removal Summary ;
------------------------------------------
No paths to report.


+----------------------------------------------------+
; Slow 1200mV 100C Model Minimum Pulse Width Summary ;
+-------+-------+------------------------------------+
; Clock ; Slack ; End Point TNS                      ;
+-------+-------+------------------------------------+
; i_clk ; 4.714 ; 0.000                              ;
+-------+-------+------------------------------------+


------------------------------------------------
; Slow 1200mV 100C Model Metastability Summary ;
------------------------------------------------
No synchronizer chains to report.


+--------------------------------------------------+
; Slow 1200mV -40C Model Fmax Summary              ;
+------------+-----------------+------------+------+
; Fmax       ; Restricted Fmax ; Clock Name ; Note ;
+------------+-----------------+------------+------+
; 139.37 MHz ; 139.37 MHz      ; i_clk      ;      ;
+------------+-----------------+------------+------+
This panel reports FMAX for every clock in the design, regardless of the user-specified clock periods.  FMAX is only computed for paths where the source and destination registers or ports are driven by the same clock.  Paths of different clocks, including generated clocks, are ignored.  For paths between a clock and its inversion, FMAX is computed as if the rising and falling edges are scaled along with FMAX, such that the duty cycle (in terms of a percentage) is maintained. Altera recommends that you always use clock constraints and other slack reports for sign-off analysis.


+--------------------------------------+
; Slow 1200mV -40C Model Setup Summary ;
+-------+-------+----------------------+
; Clock ; Slack ; End Point TNS        ;
+-------+-------+----------------------+
; i_clk ; 2.825 ; 0.000                ;
+-------+-------+----------------------+


+-------------------------------------+
; Slow 1200mV -40C Model Hold Summary ;
+-------+-------+---------------------+
; Clock ; Slack ; End Point TNS       ;
+-------+-------+---------------------+
; i_clk ; 0.296 ; 0.000               ;
+-------+-------+---------------------+


-------------------------------------------
; Slow 1200mV -40C Model Recovery Summary ;
-------------------------------------------
No paths to report.


------------------------------------------
; Slow 1200mV -40C Model Removal Summary ;
------------------------------------------
No paths to report.


+----------------------------------------------------+
; Slow 1200mV -40C Model Minimum Pulse Width Summary ;
+-------+-------+------------------------------------+
; Clock ; Slack ; End Point TNS                      ;
+-------+-------+------------------------------------+
; i_clk ; 4.747 ; 0.000                              ;
+-------+-------+------------------------------------+


------------------------------------------------
; Slow 1200mV -40C Model Metastability Summary ;
------------------------------------------------
No synchronizer chains to report.


+--------------------------------------+
; Fast 1200mV -40C Model Setup Summary ;
+-------+-------+----------------------+
; Clock ; Slack ; End Point TNS        ;
+-------+-------+----------------------+
; i_clk ; 4.891 ; 0.000                ;
+-------+-------+----------------------+


+-------------------------------------+
; Fast 1200mV -40C Model Hold Summary ;
+-------+-------+---------------------+
; Clock ; Slack ; End Point TNS       ;
+-------+-------+---------------------+
; i_clk ; 0.144 ; 0.000               ;
+-------+-------+---------------------+


-------------------------------------------
; Fast 1200mV -40C Model Recovery Summary ;
-------------------------------------------
No paths to report.


------------------------------------------
; Fast 1200mV -40C Model Removal Summary ;
------------------------------------------
No paths to report.


+----------------------------------------------------+
; Fast 1200mV -40C Model Minimum Pulse Width Summary ;
+-------+-------+------------------------------------+
; Clock ; Slack ; End Point TNS                      ;
+-------+-------+------------------------------------+
; i_clk ; 4.474 ; 0.000                              ;
+-------+-------+------------------------------------+


------------------------------------------------
; Fast 1200mV -40C Model Metastability Summary ;
------------------------------------------------
No synchronizer chains to report.


+-----------------------------------------------------------------------------+
; Multicorner Timing Analysis Summary                                         ;
+------------------+-------+-------+----------+---------+---------------------+
; Clock            ; Setup ; Hold  ; Recovery ; Removal ; Minimum Pulse Width ;
+------------------+-------+-------+----------+---------+---------------------+
; Worst-case Slack ; 2.239 ; 0.144 ; N/A      ; N/A     ; 4.474               ;
;  i_clk           ; 2.239 ; 0.144 ; N/A      ; N/A     ; 4.474               ;
; Design-wide TNS  ; 0.0   ; 0.0   ; 0.0      ; 0.0     ; 0.0                 ;
;  i_clk           ; 0.000 ; 0.000 ; N/A      ; N/A     ; 0.000               ;
+------------------+-------+-------+----------+---------+---------------------+


+-----------------------------------------------------------------------------------------------------------------------------------------------------------------------------------------------------------------------------------------------------------------------------------------------------------------------------------------------------------------------------------------------------------------+
; Board Trace Model Assignments                                                                                                                                                                                                                                                                                                                                                                                   ;
+--------------+--------------+-------------------+-------------------------+-------------------------+---------------+---------------------+----------------+------------------+--------+------------------+------------------------+------------------------+--------------+---------------+-----------------+-------+---------------------+--------------------+---------------+-----------------+-------------+
; Pin          ; I/O Standard ; Near Tline Length ; Near Tline L per Length ; Near Tline C per Length ; Near Series R ; Near Differential R ; Near Pull-up R ; Near Pull-down R ; Near C ; Far Tline Length ; Far Tline L per Length ; Far Tline C per Length ; Far Series R ; Far Pull-up R ; Far Pull-down R ; Far C ; Termination Voltage ; Far Differential R ; EBD File Name ; EBD Signal Name ; EBD Far-end ;
+--------------+--------------+-------------------+-------------------------+-------------------------+---------------+---------------------+----------------+------------------+--------+------------------+------------------------+------------------------+--------------+---------------+-----------------+-------+---------------------+--------------------+---------------+-----------------+-------------+
; o_clock_dac  ; 2.5 V        ; 0 in              ; 0 H/in                  ; 0 F/in                  ; short         ; -                   ; open           ; open             ; open   ; 0 in             ; 0 H/in                 ; 0 F/in                 ; short        ; open          ; open            ; open  ; 0 V                 ; -                  ; n/a           ; n/a             ; n/a         ;
; o_data_dac   ; 2.5 V        ; 0 in              ; 0 H/in                  ; 0 F/in                  ; short         ; -                   ; open           ; open             ; open   ; 0 in             ; 0 H/in                 ; 0 F/in                 ; short        ; open          ; open            ; open  ; 0 V                 ; -                  ; n/a           ; n/a             ; n/a         ;
; o_sync_dac   ; 2.5 V        ; 0 in              ; 0 H/in                  ; 0 F/in                  ; short         ; -                   ; open           ; open             ; open   ; 0 in             ; 0 H/in                 ; 0 F/in                 ; short        ; open          ; open            ; open  ; 0 V                 ; -                  ; n/a           ; n/a             ; n/a         ;
; o_ldac_dac   ; 2.5 V        ; 0 in              ; 0 H/in                  ; 0 F/in                  ; short         ; -                   ; open           ; open             ; open   ; 0 in             ; 0 H/in                 ; 0 F/in                 ; short        ; open          ; open            ; open  ; 0 V                 ; -                  ; n/a           ; n/a             ; n/a         ;
; o_clr_dac    ; 2.5 V        ; 0 in              ; 0 H/in                  ; 0 F/in                  ; short         ; -                   ; open           ; open             ; open   ; 0 in             ; 0 H/in                 ; 0 F/in                 ; short        ; open          ; open            ; open  ; 0 V                 ; -                  ; n/a           ; n/a             ; n/a         ;
; ~ALTERA_TDO~ ; 2.5 V        ; 0 in              ; 0 H/in                  ; 0 F/in                  ; short         ; -                   ; open           ; open             ; open   ; 0 in             ; 0 H/in                 ; 0 F/in                 ; short        ; open          ; open            ; open  ; 0 V                 ; -                  ; n/a           ; n/a             ; n/a         ;
+--------------+--------------+-------------------+-------------------------+-------------------------+---------------+---------------------+----------------+------------------+--------+------------------+------------------------+------------------------+--------------+---------------+-----------------+-------+---------------------+--------------------+---------------+-----------------+-------------+


+---------------------------------------------------------------------------------+
; Input Transition Times                                                          ;
+---------------------+-----------------------+-----------------+-----------------+
; Pin                 ; I/O Standard          ; 10-90 Rise Time ; 90-10 Fall Time ;
+---------------------+-----------------------+-----------------+-----------------+
; i_rst               ; 2.5 V                 ; 2000 ps         ; 2000 ps         ;
; i_clk               ; 2.5 V                 ; 2000 ps         ; 2000 ps         ;
; i_update            ; 2.5 V                 ; 2000 ps         ; 2000 ps         ;
; i_channel[2]        ; 2.5 V                 ; 2000 ps         ; 2000 ps         ;
; i_channel[0]        ; 2.5 V                 ; 2000 ps         ; 2000 ps         ;
; i_channel[1]        ; 2.5 V                 ; 2000 ps         ; 2000 ps         ;
; i_data_maam_i[11]   ; 2.5 V                 ; 2000 ps         ; 2000 ps         ;
; i_data_att2_dac[11] ; 2.5 V                 ; 2000 ps         ; 2000 ps         ;
; i_data_att1_dac[11] ; 2.5 V                 ; 2000 ps         ; 2000 ps         ;
; i_data_maam_g[11]   ; 2.5 V                 ; 2000 ps         ; 2000 ps         ;
; i_data_att2_dac[10] ; 2.5 V                 ; 2000 ps         ; 2000 ps         ;
; i_data_maam_i[10]   ; 2.5 V                 ; 2000 ps         ; 2000 ps         ;
; i_data_att1_dac[10] ; 2.5 V                 ; 2000 ps         ; 2000 ps         ;
; i_data_maam_g[10]   ; 2.5 V                 ; 2000 ps         ; 2000 ps         ;
; i_data_maam_i[9]    ; 2.5 V                 ; 2000 ps         ; 2000 ps         ;
; i_data_att2_dac[9]  ; 2.5 V                 ; 2000 ps         ; 2000 ps         ;
; i_data_att1_dac[9]  ; 2.5 V                 ; 2000 ps         ; 2000 ps         ;
; i_data_maam_g[9]    ; 2.5 V                 ; 2000 ps         ; 2000 ps         ;
; i_data_att2_dac[8]  ; 2.5 V                 ; 2000 ps         ; 2000 ps         ;
; i_data_maam_i[8]    ; 2.5 V                 ; 2000 ps         ; 2000 ps         ;
; i_data_att1_dac[8]  ; 2.5 V                 ; 2000 ps         ; 2000 ps         ;
; i_data_maam_g[8]    ; 2.5 V                 ; 2000 ps         ; 2000 ps         ;
; i_data_maam_i[7]    ; 2.5 V                 ; 2000 ps         ; 2000 ps         ;
; i_data_att2_dac[7]  ; 2.5 V                 ; 2000 ps         ; 2000 ps         ;
; i_data_att1_dac[7]  ; 2.5 V                 ; 2000 ps         ; 2000 ps         ;
; i_data_maam_g[7]    ; 2.5 V                 ; 2000 ps         ; 2000 ps         ;
; i_data_att2_dac[6]  ; 2.5 V                 ; 2000 ps         ; 2000 ps         ;
; i_data_maam_i[6]    ; 2.5 V                 ; 2000 ps         ; 2000 ps         ;
; i_data_att1_dac[6]  ; 2.5 V                 ; 2000 ps         ; 2000 ps         ;
; i_data_maam_g[6]    ; 2.5 V                 ; 2000 ps         ; 2000 ps         ;
; i_data_maam_i[5]    ; 2.5 V                 ; 2000 ps         ; 2000 ps         ;
; i_data_att2_dac[5]  ; 2.5 V                 ; 2000 ps         ; 2000 ps         ;
; i_data_att1_dac[5]  ; 2.5 V                 ; 2000 ps         ; 2000 ps         ;
; i_data_maam_g[5]    ; 2.5 V                 ; 2000 ps         ; 2000 ps         ;
; i_data_att2_dac[4]  ; 2.5 V                 ; 2000 ps         ; 2000 ps         ;
; i_data_maam_i[4]    ; 2.5 V                 ; 2000 ps         ; 2000 ps         ;
; i_data_att1_dac[4]  ; 2.5 V                 ; 2000 ps         ; 2000 ps         ;
; i_data_maam_g[4]    ; 2.5 V                 ; 2000 ps         ; 2000 ps         ;
; i_data_maam_i[3]    ; 2.5 V                 ; 2000 ps         ; 2000 ps         ;
; i_data_att2_dac[3]  ; 2.5 V                 ; 2000 ps         ; 2000 ps         ;
; i_data_att1_dac[3]  ; 2.5 V                 ; 2000 ps         ; 2000 ps         ;
; i_data_maam_g[3]    ; 2.5 V                 ; 2000 ps         ; 2000 ps         ;
; i_data_att2_dac[2]  ; 2.5 V                 ; 2000 ps         ; 2000 ps         ;
; i_data_maam_i[2]    ; 2.5 V                 ; 2000 ps         ; 2000 ps         ;
; i_data_att1_dac[2]  ; 2.5 V                 ; 2000 ps         ; 2000 ps         ;
; i_data_maam_g[2]    ; 2.5 V                 ; 2000 ps         ; 2000 ps         ;
; i_data_maam_i[1]    ; 2.5 V                 ; 2000 ps         ; 2000 ps         ;
; i_data_att2_dac[1]  ; 2.5 V                 ; 2000 ps         ; 2000 ps         ;
; i_data_att1_dac[1]  ; 2.5 V                 ; 2000 ps         ; 2000 ps         ;
; i_data_maam_g[1]    ; 2.5 V                 ; 2000 ps         ; 2000 ps         ;
; i_data_att2_dac[0]  ; 2.5 V                 ; 2000 ps         ; 2000 ps         ;
; i_data_maam_i[0]    ; 2.5 V                 ; 2000 ps         ; 2000 ps         ;
; i_data_att1_dac[0]  ; 2.5 V                 ; 2000 ps         ; 2000 ps         ;
; i_data_maam_g[0]    ; 2.5 V                 ; 2000 ps         ; 2000 ps         ;
; ~ALTERA_TMS~        ; 2.5 V Schmitt Trigger ; 2000 ps         ; 2000 ps         ;
; ~ALTERA_TCK~        ; 2.5 V Schmitt Trigger ; 2000 ps         ; 2000 ps         ;
; ~ALTERA_TDI~        ; 2.5 V Schmitt Trigger ; 2000 ps         ; 2000 ps         ;
; ~ALTERA_CONFIG_SEL~ ; 2.5 V                 ; 2000 ps         ; 2000 ps         ;
; ~ALTERA_nCONFIG~    ; 2.5 V Schmitt Trigger ; 2000 ps         ; 2000 ps         ;
; ~ALTERA_nSTATUS~    ; 2.5 V Schmitt Trigger ; 2000 ps         ; 2000 ps         ;
; ~ALTERA_CONF_DONE~  ; 2.5 V Schmitt Trigger ; 2000 ps         ; 2000 ps         ;
+---------------------+-----------------------+-----------------+-----------------+


+-------------------------------------------------------------------------------------------------------------------------------------------------------------------------------------------------------------------------------------------------------------------------------------------------------------------------------------------------------------------------------------------------------------------------------------------------------------------------------------------------------------------------------------------------------------------------------------------------------------------------------------------------------------------------------------------+
; Signal Integrity Metrics (Slow 1200mv n40c Model)                                                                                                                                                                                                                                                                                                                                                                                                                                                                                                                                                                                                                                         ;
+--------------+--------------+---------------------+---------------------+------------------------------+------------------------------+---------------------+---------------------+--------------------------------------+--------------------------------------+-----------------------------+-----------------------------+----------------------------+----------------------------+-----------------------------+-----------------------------+--------------------+--------------------+-------------------------------------+-------------------------------------+----------------------------+----------------------------+---------------------------+---------------------------+
; Pin          ; I/O Standard ; Board Delay on Rise ; Board Delay on Fall ; Steady State Voh at FPGA Pin ; Steady State Vol at FPGA Pin ; Voh Max at FPGA Pin ; Vol Min at FPGA Pin ; Ringback Voltage on Rise at FPGA Pin ; Ringback Voltage on Fall at FPGA Pin ; 10-90 Rise Time at FPGA Pin ; 90-10 Fall Time at FPGA Pin ; Monotonic Rise at FPGA Pin ; Monotonic Fall at FPGA Pin ; Steady State Voh at Far-end ; Steady State Vol at Far-end ; Voh Max at Far-end ; Vol Min at Far-end ; Ringback Voltage on Rise at Far-end ; Ringback Voltage on Fall at Far-end ; 10-90 Rise Time at Far-end ; 90-10 Fall Time at Far-end ; Monotonic Rise at Far-end ; Monotonic Fall at Far-end ;
+--------------+--------------+---------------------+---------------------+------------------------------+------------------------------+---------------------+---------------------+--------------------------------------+--------------------------------------+-----------------------------+-----------------------------+----------------------------+----------------------------+-----------------------------+-----------------------------+--------------------+--------------------+-------------------------------------+-------------------------------------+----------------------------+----------------------------+---------------------------+---------------------------+
; o_clock_dac  ; 2.5 V        ; 0 s                 ; 0 s                 ; 2.32 V                       ; 2.79e-09 V                   ; 2.43 V              ; -0.11 V             ; 0.25 V                               ; 0.136 V                              ; 2.82e-10 s                  ; 4.07e-10 s                  ; No                         ; No                         ; 2.32 V                      ; 2.79e-09 V                  ; 2.43 V             ; -0.11 V            ; 0.25 V                              ; 0.136 V                             ; 2.82e-10 s                 ; 4.07e-10 s                 ; No                        ; No                        ;
; o_data_dac   ; 2.5 V        ; 0 s                 ; 0 s                 ; 2.32 V                       ; 2.8e-09 V                    ; 2.43 V              ; -0.113 V            ; 0.249 V                              ; 0.141 V                              ; 2.82e-10 s                  ; 4.07e-10 s                  ; No                         ; No                         ; 2.32 V                      ; 2.8e-09 V                   ; 2.43 V             ; -0.113 V           ; 0.249 V                             ; 0.141 V                             ; 2.82e-10 s                 ; 4.07e-10 s                 ; No                        ; No                        ;
; o_sync_dac   ; 2.5 V        ; 0 s                 ; 0 s                 ; 2.32 V                       ; 2.8e-09 V                    ; 2.42 V              ; -0.103 V            ; 0.309 V                              ; 0.15 V                               ; 3.11e-10 s                  ; 4.21e-10 s                  ; No                         ; Yes                        ; 2.32 V                      ; 2.8e-09 V                   ; 2.42 V             ; -0.103 V           ; 0.309 V                             ; 0.15 V                              ; 3.11e-10 s                 ; 4.21e-10 s                 ; No                        ; Yes                       ;
; o_ldac_dac   ; 2.5 V        ; 0 s                 ; 0 s                 ; 2.32 V                       ; 2.79e-09 V                   ; 2.43 V              ; -0.11 V             ; 0.25 V                               ; 0.136 V                              ; 2.82e-10 s                  ; 4.07e-10 s                  ; No                         ; No                         ; 2.32 V                      ; 2.79e-09 V                  ; 2.43 V             ; -0.11 V            ; 0.25 V                              ; 0.136 V                             ; 2.82e-10 s                 ; 4.07e-10 s                 ; No                        ; No                        ;
; o_clr_dac    ; 2.5 V        ; 0 s                 ; 0 s                 ; 2.32 V                       ; 2.8e-09 V                    ; 2.43 V              ; -0.113 V            ; 0.249 V                              ; 0.141 V                              ; 2.82e-10 s                  ; 4.07e-10 s                  ; No                         ; No                         ; 2.32 V                      ; 2.8e-09 V                   ; 2.43 V             ; -0.113 V           ; 0.249 V                             ; 0.141 V                             ; 2.82e-10 s                 ; 4.07e-10 s                 ; No                        ; No                        ;
; ~ALTERA_TDO~ ; 2.5 V        ; 0 s                 ; 0 s                 ; 2.32 V                       ; 4.67e-09 V                   ; 2.4 V               ; -0.0615 V           ; 0.182 V                              ; 0.244 V                              ; 4.53e-10 s                  ; 4.59e-10 s                  ; No                         ; No                         ; 2.32 V                      ; 4.67e-09 V                  ; 2.4 V              ; -0.0615 V          ; 0.182 V                             ; 0.244 V                             ; 4.53e-10 s                 ; 4.59e-10 s                 ; No                        ; No                        ;
+--------------+--------------+---------------------+---------------------+------------------------------+------------------------------+---------------------+---------------------+--------------------------------------+--------------------------------------+-----------------------------+-----------------------------+----------------------------+----------------------------+-----------------------------+-----------------------------+--------------------+--------------------+-------------------------------------+-------------------------------------+----------------------------+----------------------------+---------------------------+---------------------------+


+-------------------------------------------------------------------------------------------------------------------------------------------------------------------------------------------------------------------------------------------------------------------------------------------------------------------------------------------------------------------------------------------------------------------------------------------------------------------------------------------------------------------------------------------------------------------------------------------------------------------------------------------------------------------------------------------+
; Signal Integrity Metrics (Slow 1200mv 100c Model)                                                                                                                                                                                                                                                                                                                                                                                                                                                                                                                                                                                                                                         ;
+--------------+--------------+---------------------+---------------------+------------------------------+------------------------------+---------------------+---------------------+--------------------------------------+--------------------------------------+-----------------------------+-----------------------------+----------------------------+----------------------------+-----------------------------+-----------------------------+--------------------+--------------------+-------------------------------------+-------------------------------------+----------------------------+----------------------------+---------------------------+---------------------------+
; Pin          ; I/O Standard ; Board Delay on Rise ; Board Delay on Fall ; Steady State Voh at FPGA Pin ; Steady State Vol at FPGA Pin ; Voh Max at FPGA Pin ; Vol Min at FPGA Pin ; Ringback Voltage on Rise at FPGA Pin ; Ringback Voltage on Fall at FPGA Pin ; 10-90 Rise Time at FPGA Pin ; 90-10 Fall Time at FPGA Pin ; Monotonic Rise at FPGA Pin ; Monotonic Fall at FPGA Pin ; Steady State Voh at Far-end ; Steady State Vol at Far-end ; Voh Max at Far-end ; Vol Min at Far-end ; Ringback Voltage on Rise at Far-end ; Ringback Voltage on Fall at Far-end ; 10-90 Rise Time at Far-end ; 90-10 Fall Time at Far-end ; Monotonic Rise at Far-end ; Monotonic Fall at Far-end ;
+--------------+--------------+---------------------+---------------------+------------------------------+------------------------------+---------------------+---------------------+--------------------------------------+--------------------------------------+-----------------------------+-----------------------------+----------------------------+----------------------------+-----------------------------+-----------------------------+--------------------+--------------------+-------------------------------------+-------------------------------------+----------------------------+----------------------------+---------------------------+---------------------------+
; o_clock_dac  ; 2.5 V        ; 0 s                 ; 0 s                 ; 2.32 V                       ; 2.38e-06 V                   ; 2.37 V              ; -0.0454 V           ; 0.16 V                               ; 0.203 V                              ; 4.69e-10 s                  ; 4.62e-10 s                  ; Yes                        ; Yes                        ; 2.32 V                      ; 2.38e-06 V                  ; 2.37 V             ; -0.0454 V          ; 0.16 V                              ; 0.203 V                             ; 4.69e-10 s                 ; 4.62e-10 s                 ; Yes                       ; Yes                       ;
; o_data_dac   ; 2.5 V        ; 0 s                 ; 0 s                 ; 2.32 V                       ; 2.38e-06 V                   ; 2.37 V              ; -0.045 V            ; 0.159 V                              ; 0.204 V                              ; 4.69e-10 s                  ; 4.62e-10 s                  ; Yes                        ; Yes                        ; 2.32 V                      ; 2.38e-06 V                  ; 2.37 V             ; -0.045 V           ; 0.159 V                             ; 0.204 V                             ; 4.69e-10 s                 ; 4.62e-10 s                 ; Yes                       ; Yes                       ;
; o_sync_dac   ; 2.5 V        ; 0 s                 ; 0 s                 ; 2.32 V                       ; 2.38e-06 V                   ; 2.37 V              ; -0.0422 V           ; 0.212 V                              ; 0.098 V                              ; 5e-10 s                     ; 5.91e-10 s                  ; Yes                        ; Yes                        ; 2.32 V                      ; 2.38e-06 V                  ; 2.37 V             ; -0.0422 V          ; 0.212 V                             ; 0.098 V                             ; 5e-10 s                    ; 5.91e-10 s                 ; Yes                       ; Yes                       ;
; o_ldac_dac   ; 2.5 V        ; 0 s                 ; 0 s                 ; 2.32 V                       ; 2.38e-06 V                   ; 2.37 V              ; -0.0454 V           ; 0.16 V                               ; 0.203 V                              ; 4.69e-10 s                  ; 4.62e-10 s                  ; Yes                        ; Yes                        ; 2.32 V                      ; 2.38e-06 V                  ; 2.37 V             ; -0.0454 V          ; 0.16 V                              ; 0.203 V                             ; 4.69e-10 s                 ; 4.62e-10 s                 ; Yes                       ; Yes                       ;
; o_clr_dac    ; 2.5 V        ; 0 s                 ; 0 s                 ; 2.32 V                       ; 2.38e-06 V                   ; 2.37 V              ; -0.045 V            ; 0.159 V                              ; 0.204 V                              ; 4.69e-10 s                  ; 4.62e-10 s                  ; Yes                        ; Yes                        ; 2.32 V                      ; 2.38e-06 V                  ; 2.37 V             ; -0.045 V           ; 0.159 V                             ; 0.204 V                             ; 4.69e-10 s                 ; 4.62e-10 s                 ; Yes                       ; Yes                       ;
; ~ALTERA_TDO~ ; 2.5 V        ; 0 s                 ; 0 s                 ; 2.32 V                       ; 4.02e-06 V                   ; 2.36 V              ; -0.0151 V           ; 0.153 V                              ; 0.106 V                              ; 6.51e-10 s                  ; 7.55e-10 s                  ; No                         ; Yes                        ; 2.32 V                      ; 4.02e-06 V                  ; 2.36 V             ; -0.0151 V          ; 0.153 V                             ; 0.106 V                             ; 6.51e-10 s                 ; 7.55e-10 s                 ; No                        ; Yes                       ;
+--------------+--------------+---------------------+---------------------+------------------------------+------------------------------+---------------------+---------------------+--------------------------------------+--------------------------------------+-----------------------------+-----------------------------+----------------------------+----------------------------+-----------------------------+-----------------------------+--------------------+--------------------+-------------------------------------+-------------------------------------+----------------------------+----------------------------+---------------------------+---------------------------+


+-------------------------------------------------------------------------------------------------------------------------------------------------------------------------------------------------------------------------------------------------------------------------------------------------------------------------------------------------------------------------------------------------------------------------------------------------------------------------------------------------------------------------------------------------------------------------------------------------------------------------------------------------------------------------------------------+
; Signal Integrity Metrics (Fast 1200mv n40c Model)                                                                                                                                                                                                                                                                                                                                                                                                                                                                                                                                                                                                                                         ;
+--------------+--------------+---------------------+---------------------+------------------------------+------------------------------+---------------------+---------------------+--------------------------------------+--------------------------------------+-----------------------------+-----------------------------+----------------------------+----------------------------+-----------------------------+-----------------------------+--------------------+--------------------+-------------------------------------+-------------------------------------+----------------------------+----------------------------+---------------------------+---------------------------+
; Pin          ; I/O Standard ; Board Delay on Rise ; Board Delay on Fall ; Steady State Voh at FPGA Pin ; Steady State Vol at FPGA Pin ; Voh Max at FPGA Pin ; Vol Min at FPGA Pin ; Ringback Voltage on Rise at FPGA Pin ; Ringback Voltage on Fall at FPGA Pin ; 10-90 Rise Time at FPGA Pin ; 90-10 Fall Time at FPGA Pin ; Monotonic Rise at FPGA Pin ; Monotonic Fall at FPGA Pin ; Steady State Voh at Far-end ; Steady State Vol at Far-end ; Voh Max at Far-end ; Vol Min at Far-end ; Ringback Voltage on Rise at Far-end ; Ringback Voltage on Fall at Far-end ; 10-90 Rise Time at Far-end ; 90-10 Fall Time at Far-end ; Monotonic Rise at Far-end ; Monotonic Fall at Far-end ;
+--------------+--------------+---------------------+---------------------+------------------------------+------------------------------+---------------------+---------------------+--------------------------------------+--------------------------------------+-----------------------------+-----------------------------+----------------------------+----------------------------+-----------------------------+-----------------------------+--------------------+--------------------+-------------------------------------+-------------------------------------+----------------------------+----------------------------+---------------------------+---------------------------+
; o_clock_dac  ; 2.5 V        ; 0 s                 ; 0 s                 ; 2.62 V                       ; 8.38e-09 V                   ; 2.81 V              ; -0.0554 V           ; 0.246 V                              ; 0.091 V                              ; 2.59e-10 s                  ; 2.54e-10 s                  ; No                         ; Yes                        ; 2.62 V                      ; 8.38e-09 V                  ; 2.81 V             ; -0.0554 V          ; 0.246 V                             ; 0.091 V                             ; 2.59e-10 s                 ; 2.54e-10 s                 ; No                        ; Yes                       ;
; o_data_dac   ; 2.5 V        ; 0 s                 ; 0 s                 ; 2.62 V                       ; 8.38e-09 V                   ; 2.81 V              ; -0.0548 V           ; 0.247 V                              ; 0.09 V                               ; 2.59e-10 s                  ; 2.54e-10 s                  ; No                         ; Yes                        ; 2.62 V                      ; 8.38e-09 V                  ; 2.81 V             ; -0.0548 V          ; 0.247 V                             ; 0.09 V                              ; 2.59e-10 s                 ; 2.54e-10 s                 ; No                        ; Yes                       ;
; o_sync_dac   ; 2.5 V        ; 0 s                 ; 0 s                 ; 2.62 V                       ; 8.37e-09 V                   ; 2.79 V              ; -0.06 V             ; 0.27 V                               ; 0.123 V                              ; 2.68e-10 s                  ; 2.78e-10 s                  ; No                         ; Yes                        ; 2.62 V                      ; 8.37e-09 V                  ; 2.79 V             ; -0.06 V            ; 0.27 V                              ; 0.123 V                             ; 2.68e-10 s                 ; 2.78e-10 s                 ; No                        ; Yes                       ;
; o_ldac_dac   ; 2.5 V        ; 0 s                 ; 0 s                 ; 2.62 V                       ; 8.38e-09 V                   ; 2.81 V              ; -0.0554 V           ; 0.246 V                              ; 0.091 V                              ; 2.59e-10 s                  ; 2.54e-10 s                  ; No                         ; Yes                        ; 2.62 V                      ; 8.38e-09 V                  ; 2.81 V             ; -0.0554 V          ; 0.246 V                             ; 0.091 V                             ; 2.59e-10 s                 ; 2.54e-10 s                 ; No                        ; Yes                       ;
; o_clr_dac    ; 2.5 V        ; 0 s                 ; 0 s                 ; 2.62 V                       ; 8.38e-09 V                   ; 2.81 V              ; -0.0548 V           ; 0.247 V                              ; 0.09 V                               ; 2.59e-10 s                  ; 2.54e-10 s                  ; No                         ; Yes                        ; 2.62 V                      ; 8.38e-09 V                  ; 2.81 V             ; -0.0548 V          ; 0.247 V                             ; 0.09 V                              ; 2.59e-10 s                 ; 2.54e-10 s                 ; No                        ; Yes                       ;
; ~ALTERA_TDO~ ; 2.5 V        ; 0 s                 ; 0 s                 ; 2.62 V                       ; 1.41e-08 V                   ; 2.76 V              ; -0.0557 V           ; 0.312 V                              ; 0.096 V                              ; 2.82e-10 s                  ; 4.04e-10 s                  ; No                         ; Yes                        ; 2.62 V                      ; 1.41e-08 V                  ; 2.76 V             ; -0.0557 V          ; 0.312 V                             ; 0.096 V                             ; 2.82e-10 s                 ; 4.04e-10 s                 ; No                        ; Yes                       ;
+--------------+--------------+---------------------+---------------------+------------------------------+------------------------------+---------------------+---------------------+--------------------------------------+--------------------------------------+-----------------------------+-----------------------------+----------------------------+----------------------------+-----------------------------+-----------------------------+--------------------+--------------------+-------------------------------------+-------------------------------------+----------------------------+----------------------------+---------------------------+---------------------------+


+-------------------------------------------------------------------+
; Setup Transfers                                                   ;
+------------+----------+----------+----------+----------+----------+
; From Clock ; To Clock ; RR Paths ; FR Paths ; RF Paths ; FF Paths ;
+------------+----------+----------+----------+----------+----------+
; i_clk      ; i_clk    ; 3236     ; 0        ; 0        ; 0        ;
+------------+----------+----------+----------+----------+----------+
Entries labeled "false path" only account for clock-to-clock false paths and not path-based false paths. As a result, actual path counts may be lower than reported.


+-------------------------------------------------------------------+
; Hold Transfers                                                    ;
+------------+----------+----------+----------+----------+----------+
; From Clock ; To Clock ; RR Paths ; FR Paths ; RF Paths ; FF Paths ;
+------------+----------+----------+----------+----------+----------+
; i_clk      ; i_clk    ; 3236     ; 0        ; 0        ; 0        ;
+------------+----------+----------+----------+----------+----------+
Entries labeled "false path" only account for clock-to-clock false paths and not path-based false paths. As a result, actual path counts may be lower than reported.


---------------
; Report TCCS ;
---------------
No dedicated SERDES Transmitter circuitry present in device or used in design


---------------
; Report RSKM ;
---------------
No non-DPA dedicated SERDES Receiver circuitry present in device or used in design


+------------------------------------------------+
; Unconstrained Paths Summary                    ;
+---------------------------------+-------+------+
; Property                        ; Setup ; Hold ;
+---------------------------------+-------+------+
; Illegal Clocks                  ; 0     ; 0    ;
; Unconstrained Clocks            ; 0     ; 0    ;
; Unconstrained Input Ports       ; 0     ; 0    ;
; Unconstrained Input Port Paths  ; 0     ; 0    ;
; Unconstrained Output Ports      ; 4     ; 4    ;
; Unconstrained Output Port Paths ; 4     ; 4    ;
+---------------------------------+-------+------+


+-------------------------------------+
; Clock Status Summary                ;
+--------+-------+------+-------------+
; Target ; Clock ; Type ; Status      ;
+--------+-------+------+-------------+
; i_clk  ; i_clk ; Base ; Constrained ;
+--------+-------+------+-------------+


+-----------------------------------------------------------------------------------------------------+
; Unconstrained Output Ports                                                                          ;
+-------------+---------------------------------------------------------------------------------------+
; Output Port ; Comment                                                                               ;
+-------------+---------------------------------------------------------------------------------------+
; o_clock_dac ; No output delay, min/max delays, false-path exceptions, or max skew assignments found ;
; o_data_dac  ; No output delay, min/max delays, false-path exceptions, or max skew assignments found ;
; o_ldac_dac  ; No output delay, min/max delays, false-path exceptions, or max skew assignments found ;
; o_sync_dac  ; No output delay, min/max delays, false-path exceptions, or max skew assignments found ;
+-------------+---------------------------------------------------------------------------------------+


+-----------------------------------------------------------------------------------------------------+
; Unconstrained Output Ports                                                                          ;
+-------------+---------------------------------------------------------------------------------------+
; Output Port ; Comment                                                                               ;
+-------------+---------------------------------------------------------------------------------------+
; o_clock_dac ; No output delay, min/max delays, false-path exceptions, or max skew assignments found ;
; o_data_dac  ; No output delay, min/max delays, false-path exceptions, or max skew assignments found ;
; o_ldac_dac  ; No output delay, min/max delays, false-path exceptions, or max skew assignments found ;
; o_sync_dac  ; No output delay, min/max delays, false-path exceptions, or max skew assignments found ;
+-------------+---------------------------------------------------------------------------------------+


+--------------------------+
; Timing Analyzer Messages ;
+--------------------------+
Info: *******************************************************************
Info: Running Quartus Prime Timing Analyzer
    Info: Version 18.1.0 Build 625 09/12/2018 SJ Lite Edition
    Info: Processing started: Sun May 30 13:50:12 2021
Info: Command: quartus_sta moduldac -c moduldac_wrap
Info: qsta_default_script.tcl version: #1
Warning (18236): Number of processors has not been specified which may cause overloading on shared machines.  Set the global assignment NUM_PARALLEL_PROCESSORS in your QSF to an appropriate value for best performance.
Info (20030): Parallel compilation is enabled and will use 2 of the 2 processors detected
Info (21077): Low junction temperature is -40 degrees C
Info (21077): High junction temperature is 100 degrees C
Info (332104): Reading SDC File: 'moduldac.sdc'
Warning (332049): Ignored set_output_delay at moduldac.sdc(14): Positional argument: object_list targets with value [all_inputs] contains no output ports File: C:/Users/Vladislav/Start/Study at LETU/d/d2/Diploma/Project/moduldac.sdc Line: 14
    Info (332050): set_output_delay -clock i_clk -max 3 [all_inputs] File: C:/Users/Vladislav/Start/Study at LETU/d/d2/Diploma/Project/moduldac.sdc Line: 14
Warning (332049): Ignored set_output_delay at moduldac.sdc(16): Positional argument: object_list targets with value [all_inputs] contains no output ports File: C:/Users/Vladislav/Start/Study at LETU/d/d2/Diploma/Project/moduldac.sdc Line: 16
    Info (332050): set_output_delay -clock i_clk -min 2 [all_inputs] File: C:/Users/Vladislav/Start/Study at LETU/d/d2/Diploma/Project/moduldac.sdc Line: 16
Critical Warning (332168): The following clock transfers have no clock uncertainty assignment. For more accurate results, apply clock uncertainty assignments or use the derive_clock_uncertainty command.
    Critical Warning (332169): From i_clk (Rise) to i_clk (Rise) (setup and hold)
Info: Found TIMING_ANALYZER_REPORT_SCRIPT_INCLUDE_DEFAULT_ANALYSIS = ON
Info: Analyzing Slow 1200mV 100C Model
Info: Can't run Report Timing Closure Recommendations. The current device family is not supported.
Info (332146): Worst-case setup slack is 2.239
    Info (332119):     Slack       End Point TNS Clock 
    Info (332119): ========= =================== =====================
    Info (332119):     2.239               0.000 i_clk 
Info (332146): Worst-case hold slack is 0.346
    Info (332119):     Slack       End Point TNS Clock 
    Info (332119): ========= =================== =====================
    Info (332119):     0.346               0.000 i_clk 
Info (332140): No Recovery paths to report
Info (332140): No Removal paths to report
Info (332146): Worst-case minimum pulse width slack is 4.714
    Info (332119):     Slack       End Point TNS Clock 
    Info (332119): ========= =================== =====================
    Info (332119):     4.714               0.000 i_clk 
Info: Analyzing Slow 1200mV -40C Model
Info (334003): Started post-fitting delay annotation
Info (334004): Delay annotation completed successfully
Critical Warning (332168): The following clock transfers have no clock uncertainty assignment. For more accurate results, apply clock uncertainty assignments or use the derive_clock_uncertainty command.
    Critical Warning (332169): From i_clk (Rise) to i_clk (Rise) (setup and hold)
Info (332146): Worst-case setup slack is 2.825
    Info (332119):     Slack       End Point TNS Clock 
    Info (332119): ========= =================== =====================
    Info (332119):     2.825               0.000 i_clk 
Info (332146): Worst-case hold slack is 0.296
    Info (332119):     Slack       End Point TNS Clock 
    Info (332119): ========= =================== =====================
    Info (332119):     0.296               0.000 i_clk 
Info (332140): No Recovery paths to report
Info (332140): No Removal paths to report
Info (332146): Worst-case minimum pulse width slack is 4.747
    Info (332119):     Slack       End Point TNS Clock 
    Info (332119): ========= =================== =====================
    Info (332119):     4.747               0.000 i_clk 
Info: Analyzing Fast 1200mV -40C Model
Critical Warning (332168): The following clock transfers have no clock uncertainty assignment. For more accurate results, apply clock uncertainty assignments or use the derive_clock_uncertainty command.
    Critical Warning (332169): From i_clk (Rise) to i_clk (Rise) (setup and hold)
Info (332146): Worst-case setup slack is 4.891
    Info (332119):     Slack       End Point TNS Clock 
    Info (332119): ========= =================== =====================
    Info (332119):     4.891               0.000 i_clk 
Info (332146): Worst-case hold slack is 0.144
    Info (332119):     Slack       End Point TNS Clock 
    Info (332119): ========= =================== =====================
    Info (332119):     0.144               0.000 i_clk 
Info (332140): No Recovery paths to report
Info (332140): No Removal paths to report
Info (332146): Worst-case minimum pulse width slack is 4.474
    Info (332119):     Slack       End Point TNS Clock 
    Info (332119): ========= =================== =====================
    Info (332119):     4.474               0.000 i_clk 
Info (332102): Design is not fully constrained for setup requirements
Info (332102): Design is not fully constrained for hold requirements
Info: Quartus Prime Timing Analyzer was successful. 0 errors, 9 warnings
    Info: Peak virtual memory: 4751 megabytes
    Info: Processing ended: Sun May 30 13:50:16 2021
    Info: Elapsed time: 00:00:04
    Info: Total CPU time (on all processors): 00:00:03


